Valid Variable Declaration
Valid Variable Declaration
Valid Variable Declaration
Valid Variable Declaration
Valid Variable Declaration
Valid Variable Declaration
Valid Variable Declaration
Valid Variable Declaration
Valid Variable Declaration
Valid Variable Declaration
Invalid Variable Declaration
Invalid Variable Declaration
Valid Variable Declaration
Valid Variable Declaration
Valid Variable Declaration
Invalid Variable Declaration
Valid Variable Declaration
Invalid Variable Declaration
Invalid Variable Declaration
Valid Variable Declaration
Invalid Variable Declaration
Valid Variable Declaration
Valid Variable Declaration
Invalid Variable Declaration
Invalid Variable Declaration
Valid Variable Declaration
Valid Function Declaration
Invalid Function Declaration
Invalid Function Declaration
Invalid Function Declaration
Valid Variable Declaration
Valid Function Declaration
Valid Function Declaration
Invalid Function Definition
Invalid Function Definition
Invalid Function Definition
Valid Function Definition
Valid Function Declaration
Invalid Function Definition
Valid Function Definition
Invalid Function Definition
Invalid Function Definition
Valid Function Definition
Invalid Function Definition
Valid Function Definition
Invalid Function Definition
Invalid Function Definition
Invalid Function Definition
Valid Function Definition
Valid Function Definition
Valid Function Definition
Invalid Function Definition